
**** Build of configuration Default for project OpenCV Sample - face-detection ****

/ndk-build.cmd 

Cannot run program "/ndk-build.cmd": Unknown reason
Error: Program "/ndk-build.cmd" is not found in PATH

PATH=[/usr/bin:/bin:/usr/sbin:/sbin]

**** Build Finished ****

**** Build of configuration Default for project OpenCV Sample - native-activity ****

/ndk-build.cmd 

Cannot run program "/ndk-build.cmd": Unknown reason
Error: Program "/ndk-build.cmd" is not found in PATH

PATH=[/usr/bin:/bin:/usr/sbin:/sbin]

**** Build Finished ****

**** Build of configuration Default for project OpenCV Tutorial 2 - Mixed Processing ****

/ndk-build.cmd 

Cannot run program "/ndk-build.cmd": Unknown reason
Error: Program "/ndk-build.cmd" is not found in PATH

PATH=[/usr/bin:/bin:/usr/sbin:/sbin]

**** Build Finished ****

**** Build of configuration Default for project OpenCV Sample - face-detection ****

/ndk-build.cmd 

Cannot run program "/ndk-build.cmd": Unknown reason
Error: Program "/ndk-build.cmd" is not found in PATH

PATH=[/usr/bin:/bin:/usr/sbin:/sbin]

**** Build Finished ****

**** Build of configuration Default for project OpenCV Sample - native-activity ****

/ndk-build.cmd 

Cannot run program "/ndk-build.cmd": Unknown reason
Error: Program "/ndk-build.cmd" is not found in PATH

PATH=[/usr/bin:/bin:/usr/sbin:/sbin]

**** Build Finished ****

**** Build of configuration Default for project OpenCV Tutorial 2 - Mixed Processing ****

/ndk-build.cmd 

Cannot run program "/ndk-build.cmd": Unknown reason
Error: Program "/ndk-build.cmd" is not found in PATH

PATH=[/usr/bin:/bin:/usr/sbin:/sbin]

**** Build Finished ****
